<?xml version="1.0" encoding="utf-8"?><testsuites name="pytest tests"><testsuite name="pytest" errors="0" failures="0" skipped="0" tests="20" time="6.573" timestamp="2026-09-05T13:27:16.349120+00:00" hostname="agent-env-5eb33c67-81e8-4dd2-b897-57cd1e3e56c8"><testcase classname="tests.test_new_features.TestUploadAndFiles" name="test_upload_requires_auth" time="0.201" /><testcase classname="tests.test_new_features.TestUploadAndFiles" name="test_upload_returns_path" time="1.553" /><testcase classname="tests.test_new_features.TestUploadAndFiles" name="test_upload_second_photo_for_emp2" time="1.267" /><testcase classname="tests.test_new_features.TestUploadAndFiles" name="test_file_download_missing_token_401" time="0.111" /><testcase classname="tests.test_new_features.TestUploadAndFiles" name="test_file_download_invalid_token_401" time="0.133" /><testcase classname="tests.test_new_features.TestUploadAndFiles" name="test_file_download_owner_via_query_token" time="0.260" /><testcase classname="tests.test_new_features.TestUploadAndFiles" name="test_file_download_owner_via_bearer" time="0.249" /><testcase classname="tests.test_new_features.TestUploadAndFiles" name="test_file_download_admin_any_user" time="0.214" /><testcase classname="tests.test_new_features.TestUploadAndFiles" name="test_file_download_other_employee_forbidden" time="0.126" /><testcase classname="tests.test_new_features.TestReportPhotos" name="test_create_report_with_photos" time="0.207" /><testcase classname="tests.test_new_features.TestReportPhotos" name="test_mine_returns_photos" time="0.103" /><testcase classname="tests.test_new_features.TestReportPhotos" name="test_admin_edit_photos_invisible_to_employee" time="0.204" /><testcase classname="tests.test_new_features.TestReportPhotos" name="test_employee_still_sees_original_photos" time="0.093" /><testcase classname="tests.test_new_features.TestCantieriSummary" name="test_employee_forbidden" time="0.134" /><testcase classname="tests.test_new_features.TestCantieriSummary" name="test_admin_summary_shape_and_sort" time="0.317" /><testcase classname="tests.test_new_features.TestCantieriSummary" name="test_default_month_is_current" time="0.105" /><testcase classname="tests.test_new_features.TestApproveAll" name="test_employee_forbidden" time="0.117" /><testcase classname="tests.test_new_features.TestApproveAll" name="test_admin_bulk_approves_month" time="0.336" /><testcase classname="tests.test_new_features.TestApproveAll" name="test_bulk_approve_no_pending_returns_zero" time="0.113" /><testcase classname="tests.test_new_features.TestCleanup" name="test_cleanup" time="0.667" /></testsuite></testsuites>