<?xml version="1.0" encoding="utf-8"?><testsuites name="pytest tests"><testsuite name="pytest" errors="0" failures="0" skipped="0" tests="25" time="4.704" timestamp="2026-09-05T12:19:39.410874+00:00" hostname="agent-env-5eb33c67-81e8-4dd2-b897-57cd1e3e56c8"><testcase classname="tests.backend_test.TestAuthFlow" name="test_register_new_employee" time="0.393" /><testcase classname="tests.backend_test.TestAuthFlow" name="test_login_blocked_before_approval" time="0.325" /><testcase classname="tests.backend_test.TestAuthFlow" name="test_admin_approves_and_login_works" time="0.884" /><testcase classname="tests.backend_test.TestAuthFlow" name="test_auth_me" time="0.124" /><testcase classname="tests.backend_test.TestAuthFlow" name="test_register_duplicate_conflict" time="0.120" /><testcase classname="tests.backend_test.TestCantieri" name="test_employee_cannot_create" time="0.124" /><testcase classname="tests.backend_test.TestCantieri" name="test_admin_creates_and_list_visible" time="0.210" /><testcase classname="tests.backend_test.TestCantieri" name="test_admin_update_cantiere" time="0.105" /><testcase classname="tests.backend_test.TestCantieri" name="test_second_cantiere_for_admin_edit" time="0.097" /><testcase classname="tests.backend_test.TestEmployeeReports" name="test_reject_non_current_month" time="0.109" /><testcase classname="tests.backend_test.TestEmployeeReports" name="test_create_current_month_report" time="0.122" /><testcase classname="tests.backend_test.TestEmployeeReports" name="test_reject_invalid_cantiere" time="0.131" /><testcase classname="tests.backend_test.TestEmployeeReports" name="test_mine_returns_current_month_only" time="0.130" /><testcase classname="tests.backend_test.TestEmployeeReports" name="test_update_own_report" time="0.112" /><testcase classname="tests.backend_test.TestAdminReports" name="test_admin_lists_reports_with_filters" time="0.109" /><testcase classname="tests.backend_test.TestAdminReports" name="test_admin_edit_not_visible_to_employee" time="0.244" /><testcase classname="tests.backend_test.TestAdminReports" name="test_admin_approve_toggle" time="0.217" /><testcase classname="tests.backend_test.TestMatrixExport" name="test_matrix_current_month" time="0.117" /><testcase classname="tests.backend_test.TestMatrixExport" name="test_export_excel" time="0.112" /><testcase classname="tests.backend_test.TestMatrixExport" name="test_export_pdf" time="0.114" /><testcase classname="tests.backend_test.TestUserManagement" name="test_role_change_and_back" time="0.214" /><testcase classname="tests.backend_test.TestUserManagement" name="test_admin_cannot_demote_self" time="0.131" /><testcase classname="tests.backend_test.TestCleanup" name="test_delete_own_report" time="0.097" /><testcase classname="tests.backend_test.TestCleanup" name="test_delete_cantieri" time="0.207" /><testcase classname="tests.backend_test.TestCleanup" name="test_delete_test_user" time="0.094" /></testsuite></testsuites>