<?xml version="1.0" encoding="utf-8"?><testsuites name="pytest tests"><testsuite name="pytest" errors="0" failures="0" skipped="0" tests="25" time="4.787" timestamp="2026-09-05T13:27:39.656954+00:00" hostname="agent-env-5eb33c67-81e8-4dd2-b897-57cd1e3e56c8"><testcase classname="tests.backend_test.TestAuthFlow" name="test_register_new_employee" time="0.391" /><testcase classname="tests.backend_test.TestAuthFlow" name="test_login_blocked_before_approval" time="0.439" /><testcase classname="tests.backend_test.TestAuthFlow" name="test_admin_approves_and_login_works" time="0.838" /><testcase classname="tests.backend_test.TestAuthFlow" name="test_auth_me" time="0.094" /><testcase classname="tests.backend_test.TestAuthFlow" name="test_register_duplicate_conflict" time="0.146" /><testcase classname="tests.backend_test.TestCantieri" name="test_employee_cannot_create" time="0.110" /><testcase classname="tests.backend_test.TestCantieri" name="test_admin_creates_and_list_visible" time="0.213" /><testcase classname="tests.backend_test.TestCantieri" name="test_admin_update_cantiere" time="0.093" /><testcase classname="tests.backend_test.TestCantieri" name="test_second_cantiere_for_admin_edit" time="0.096" /><testcase classname="tests.backend_test.TestEmployeeReports" name="test_reject_non_current_month" time="0.103" /><testcase classname="tests.backend_test.TestEmployeeReports" name="test_create_current_month_report" time="0.094" /><testcase classname="tests.backend_test.TestEmployeeReports" name="test_reject_invalid_cantiere" time="0.099" /><testcase classname="tests.backend_test.TestEmployeeReports" name="test_mine_returns_current_month_only" time="0.101" /><testcase classname="tests.backend_test.TestEmployeeReports" name="test_update_own_report" time="0.122" /><testcase classname="tests.backend_test.TestAdminReports" name="test_admin_lists_reports_with_filters" time="0.113" /><testcase classname="tests.backend_test.TestAdminReports" name="test_admin_edit_not_visible_to_employee" time="0.317" /><testcase classname="tests.backend_test.TestAdminReports" name="test_admin_approve_toggle" time="0.247" /><testcase classname="tests.backend_test.TestMatrixExport" name="test_matrix_current_month" time="0.115" /><testcase classname="tests.backend_test.TestMatrixExport" name="test_export_excel" time="0.135" /><testcase classname="tests.backend_test.TestMatrixExport" name="test_export_pdf" time="0.103" /><testcase classname="tests.backend_test.TestUserManagement" name="test_role_change_and_back" time="0.208" /><testcase classname="tests.backend_test.TestUserManagement" name="test_admin_cannot_demote_self" time="0.099" /><testcase classname="tests.backend_test.TestCleanup" name="test_delete_own_report" time="0.143" /><testcase classname="tests.backend_test.TestCleanup" name="test_delete_cantieri" time="0.206" /><testcase classname="tests.backend_test.TestCleanup" name="test_delete_test_user" time="0.099" /></testsuite></testsuites>